c:\users\iulian\desktop\egc\gfx-framework\build\gfxframework.dir\debug\vc141.pdb
c:\users\iulian\desktop\egc\gfx-framework\build\gfxframework.dir\debug\environment.obj
c:\users\iulian\desktop\egc\gfx-framework\build\gfxframework.dir\debug\car.obj
c:\users\iulian\desktop\egc\gfx-framework\build\gfxframework.dir\debug\ui.obj
c:\users\iulian\desktop\egc\gfx-framework\build\gfxframework.dir\debug\hw1.obj
c:\users\iulian\desktop\egc\gfx-framework\build\gfxframework.dir\debug\duck.obj
c:\users\iulian\desktop\egc\gfx-framework\build\gfxframework.dir\debug\world.obj
c:\users\iulian\desktop\egc\gfx-framework\build\gfxframework.dir\debug\window_object.obj
c:\users\iulian\desktop\egc\gfx-framework\build\gfxframework.dir\debug\window_callbacks.obj
c:\users\iulian\desktop\egc\gfx-framework\build\gfxframework.dir\debug\input_controller.obj
c:\users\iulian\desktop\egc\gfx-framework\build\gfxframework.dir\debug\texture_manager.obj
c:\users\iulian\desktop\egc\gfx-framework\build\gfxframework.dir\debug\texture2d.obj
c:\users\iulian\desktop\egc\gfx-framework\build\gfxframework.dir\debug\shader.obj
c:\users\iulian\desktop\egc\gfx-framework\build\gfxframework.dir\debug\mesh.obj
c:\users\iulian\desktop\egc\gfx-framework\build\gfxframework.dir\debug\gpu_buffers.obj
c:\users\iulian\desktop\egc\gfx-framework\build\gfxframework.dir\debug\frame_buffer.obj
c:\users\iulian\desktop\egc\gfx-framework\build\gfxframework.dir\debug\engine.obj
c:\users\iulian\desktop\egc\gfx-framework\build\gfxframework.dir\debug\text_renderer.obj
c:\users\iulian\desktop\egc\gfx-framework\build\gfxframework.dir\debug\simple_scene.obj
c:\users\iulian\desktop\egc\gfx-framework\build\gfxframework.dir\debug\scene_input.obj
c:\users\iulian\desktop\egc\gfx-framework\build\gfxframework.dir\debug\camera_input.obj
c:\users\iulian\desktop\egc\gfx-framework\build\gfxframework.dir\debug\text_utils.obj
c:\users\iulian\desktop\egc\gfx-framework\build\gfxframework.dir\debug\gl_utils.obj
c:\users\iulian\desktop\egc\gfx-framework\build\gfxframework.dir\debug\main.obj
c:\users\iulian\desktop\egc\gfx-framework\build\gfxframework.dir\debug\lab9.obj
c:\users\iulian\desktop\egc\gfx-framework\build\gfxframework.dir\debug\lab8.obj
c:\users\iulian\desktop\egc\gfx-framework\build\gfxframework.dir\debug\lab7.obj
c:\users\iulian\desktop\egc\gfx-framework\build\gfxframework.dir\debug\lab6.obj
c:\users\iulian\desktop\egc\gfx-framework\build\gfxframework.dir\debug\lab5.obj
c:\users\iulian\desktop\egc\gfx-framework\build\gfxframework.dir\debug\lab4.obj
c:\users\iulian\desktop\egc\gfx-framework\build\gfxframework.dir\debug\lab3_vis2d.obj
c:\users\iulian\desktop\egc\gfx-framework\build\gfxframework.dir\debug\lab3.obj
c:\users\iulian\desktop\egc\gfx-framework\build\gfxframework.dir\debug\lab2.obj
c:\users\iulian\desktop\egc\gfx-framework\build\gfxframework.dir\debug\lab1.obj
c:\users\iulian\desktop\egc\gfx-framework\build\gfxframework.dir\debug\hw2.obj
c:\users\iulian\desktop\egc\gfx-framework\build\gfxframework.dir\debug\src\lab_m1\lab3\object2d.cpp.obj
c:\users\iulian\desktop\egc\gfx-framework\build\gfxframework.dir\debug\src\lab_m1\hw1\object2d.cpp.obj
c:\users\iulian\desktop\egc\gfx-framework\build\cmakefiles\generate.stamp
c:\users\iulian\desktop\egc\gfx-framework\build\debug\gfxframework.lib
c:\users\iulian\desktop\egc\gfx-framework\build\debug\gfxframework.exp
c:\users\iulian\desktop\egc\gfx-framework\build\bin\debug\gfxframework.ilk
c:\users\iulian\desktop\egc\gfx-framework\build\bin\debug\gfxframework.exe
c:\users\iulian\desktop\egc\gfx-framework\build\bin\debug\gfxframework.pdb
c:\users\iulian\desktop\egc\gfx-framework\build\gfxframework.dir\debug\gfxframework.tlog\cl.command.1.tlog
c:\users\iulian\desktop\egc\gfx-framework\build\gfxframework.dir\debug\gfxframework.tlog\cl.read.1.tlog
c:\users\iulian\desktop\egc\gfx-framework\build\gfxframework.dir\debug\gfxframework.tlog\cl.write.1.tlog
c:\users\iulian\desktop\egc\gfx-framework\build\gfxframework.dir\debug\gfxframework.tlog\custombuild.command.1.tlog
c:\users\iulian\desktop\egc\gfx-framework\build\gfxframework.dir\debug\gfxframework.tlog\custombuild.read.1.tlog
c:\users\iulian\desktop\egc\gfx-framework\build\gfxframework.dir\debug\gfxframework.tlog\custombuild.write.1.tlog
c:\users\iulian\desktop\egc\gfx-framework\build\gfxframework.dir\debug\gfxframework.tlog\gfxframework.write.1u.tlog
c:\users\iulian\desktop\egc\gfx-framework\build\gfxframework.dir\debug\gfxframework.tlog\link.command.1.tlog
c:\users\iulian\desktop\egc\gfx-framework\build\gfxframework.dir\debug\gfxframework.tlog\link.read.1.tlog
c:\users\iulian\desktop\egc\gfx-framework\build\gfxframework.dir\debug\gfxframework.tlog\link.write.1.tlog
